node.exe : npm error code 
ERESOLVE
At line:1 char:1
+ & "C:\Program 
Files\nodejs/node.exe" 
"C:\Program 
Files\nodejs/node_mo ...
+ ~~~~~~~~~~~~~~~~~~~~~~~~~~~
~~~~~~~~~~~~~~~~~~~~~~~~~~~~~
~~~~~~~~~~~~~
    + CategoryInfo           
   : NotSpecified: (npm err  
  or code ERESOLVE:String)   
  [], RemoteException
    + FullyQualifiedErrorId  
   : NativeCommandError
 
npm error ERESOLVE could not 
resolve
npm error
npm error While resolving: @s
veltejs/vite-plugin-svelte@4.
0.4
npm error Found: vite@6.4.1
npm error node_modules/vite
npm error   dev 
vite@"^6.0.0" from the root 
project
npm error   peer 
vite@"^5.0.3 || ^6.0.0 || 
^7.0.0-beta.0 || ^8.0.0" 
from @sveltejs/kit@2.53.1
npm error   
node_modules/@sveltejs/kit
npm error     dev 
@sveltejs/kit@"^2.0.0" from 
the root project
npm error     peer 
@sveltejs/kit@"^2.0.0" from @
sveltejs/adapter-static@3.0.1
0
npm error     node_modules/@s
veltejs/adapter-static
npm error       dev @sveltejs
/adapter-static@"^3.0.0" 
from the root project
npm error   1 more (vitefu)
npm error
npm error Could not resolve 
dependency:
npm error peer vite@"^5.0.0" 
from @sveltejs/vite-plugin-sv
elte@4.0.4
npm error node_modules/@svelt
ejs/vite-plugin-svelte
npm error   dev @sveltejs/vit
e-plugin-svelte@"^4.0.0" 
from the root project
npm error   peer @sveltejs/vi
te-plugin-svelte@"^3.0.0 || 
^4.0.0-next.1 || ^5.0.0 || 
^6.0.0-next.0 || ^7.0.0" 
from @sveltejs/kit@2.53.1
npm error   
node_modules/@sveltejs/kit
npm error     dev 
@sveltejs/kit@"^2.0.0" from 
the root project
npm error     1 more 
(@sveltejs/adapter-static)
npm error   1 more (@sveltejs
/vite-plugin-svelte-inspector
)
npm error
npm error Conflicting peer 
dependency: vite@5.4.21
npm error node_modules/vite
npm error   peer 
vite@"^5.0.0" from @sveltejs/
vite-plugin-svelte@4.0.4
npm error   node_modules/@sve
ltejs/vite-plugin-svelte
npm error     dev @sveltejs/v
ite-plugin-svelte@"^4.0.0" 
from the root project
npm error     peer @sveltejs/
vite-plugin-svelte@"^3.0.0 
|| ^4.0.0-next.1 || ^5.0.0 
|| ^6.0.0-next.0 || ^7.0.0" 
from @sveltejs/kit@2.53.1
npm error     
node_modules/@sveltejs/kit
npm error       dev 
@sveltejs/kit@"^2.0.0" from 
the root project
npm error       1 more 
(@sveltejs/adapter-static)
npm error     1 more (@svelte
js/vite-plugin-svelte-inspect
or)
npm error
npm error Fix the upstream 
dependency conflict, or retry
npm error this command with 
--force or --legacy-peer-deps
npm error to accept an 
incorrect (and potentially 
broken) dependency 
resolution.
npm error
npm error
npm error For a full report 
see:
npm error C:\Users\Heshan Jay
akody\AppData\Local\npm-cache
\_logs\2026-02-25T20_07_50_26
8Z-eresolve-report.txt
npm error A complete log of 
this run can be found in: 
C:\Users\Heshan Jayakody\AppD
ata\Local\npm-cache\_logs\202
6-02-25T20_07_50_268Z-debug-0
.log
